0 info it worked if it ends with ok
1 verbose cli [ 'c:\\Program Files\\nodejs\\node.exe',
1 verbose cli   'c:\\Program Files\\nodejs\\node_modules\\npm\\bin\\npm-cli.js',
1 verbose cli   'start' ]
2 info using npm@3.7.3
3 info using node@v5.8.0
4 verbose run-script [ 'prestart', 'start', 'poststart' ]
5 info lifecycle starter@0.0.0~prestart: starter@0.0.0
6 silly lifecycle starter@0.0.0~prestart: no script for prestart, continuing
7 info lifecycle starter@0.0.0~start: starter@0.0.0
8 verbose lifecycle starter@0.0.0~start: unsafe-perm in lifecycle true
9 verbose lifecycle starter@0.0.0~start: PATH: c:\Program Files\nodejs\node_modules\npm\bin\node-gyp-bin;d:\phaserGulpTurnbased\node_modules\.bin;c:\Program Files\nodejs;c:\Users\nielsj\bin;.;C:\Program Files (x86)\Git\local\bin;C:\Program Files (x86)\Git\mingw\bin;C:\Program Files (x86)\Git\bin;C:\Program Files (x86)\Git\bin;c:\ProgramData\Oracle\Java\javapath;c:\WINDOWS\system32;c:\WINDOWS;c:\WINDOWS\System32\Wbem;c:\WINDOWS\System32\WindowsPowerShell\v1.0\;c:\Windows\CCM;c:\Windows\CCM;c:\Windows\CCM;c:\Windows\CCM;c:\Program Files\TortoiseSVN\bin;c:\Program Files\Microsoft SQL Server\110\Tools\Binn\;c:\Program Files\Microsoft SQL Server\120\Tools\Binn\;C:\Program Files (x86)\Git\cmd;c:\Program Files\apache-maven-3.2.3\bin;c:\Program Files (x86)\MySQL\MySQL Fabric 1.5.4 & MySQL Utilities 1.5.4 1.5\;c:\Program Files (x86)\MySQL\MySQL Fabric 1.5.4 & MySQL Utilities 1.5.4 1.5\Doctrine extensions for PHP\;c:\Program Files\TortoiseGit\bin;c:\Program Files (x86)\Heroku\bin;C:\Program Files (x86)\Git\cmd;c:\Program Files (x86)\Windows Kits\10\Windows Performance Toolkit\;c:\Program Files\nodejs\;c:\Users\nielsj\AppData\Local\Programs\Python\Python35\Scripts\;c:\Users\nielsj\AppData\Local\Programs\Python\Python35\;d:\Ruby193\bin;c:\Program Files (x86)\Heroku\ruby-1.9.3\bin;c:\Program Files (x86)\Ruby193\bin;c:\Program Files\apache-maven-3.2.3\bin;c:\Users\nielsj\AppData\Roaming\npm;.;
10 verbose lifecycle starter@0.0.0~start: CWD: d:\phaserGulpTurnbased
11 silly lifecycle starter@0.0.0~start: Args: [ '/d /s /c', 'node ./node_modules/gulp/bin/gulp.js' ]
12 silly lifecycle starter@0.0.0~start: Returned: code: 1  signal: null
13 info lifecycle starter@0.0.0~start: Failed to exec start script
14 verbose stack Error: starter@0.0.0 start: `node ./node_modules/gulp/bin/gulp.js`
14 verbose stack Exit status 1
14 verbose stack     at EventEmitter.<anonymous> (c:\Program Files\nodejs\node_modules\npm\lib\utils\lifecycle.js:239:16)
14 verbose stack     at emitTwo (events.js:100:13)
14 verbose stack     at EventEmitter.emit (events.js:185:7)
14 verbose stack     at ChildProcess.<anonymous> (c:\Program Files\nodejs\node_modules\npm\lib\utils\spawn.js:24:14)
14 verbose stack     at emitTwo (events.js:100:13)
14 verbose stack     at ChildProcess.emit (events.js:185:7)
14 verbose stack     at maybeClose (internal/child_process.js:850:16)
14 verbose stack     at Process.ChildProcess._handle.onexit (internal/child_process.js:215:5)
15 verbose pkgid starter@0.0.0
16 verbose cwd d:\phaserGulpTurnbased
17 error Windows_NT 6.3.9600
18 error argv "c:\\Program Files\\nodejs\\node.exe" "c:\\Program Files\\nodejs\\node_modules\\npm\\bin\\npm-cli.js" "start"
19 error node v5.8.0
20 error npm  v3.7.3
21 error code ELIFECYCLE
22 error starter@0.0.0 start: `node ./node_modules/gulp/bin/gulp.js`
22 error Exit status 1
23 error Failed at the starter@0.0.0 start script 'node ./node_modules/gulp/bin/gulp.js'.
23 error Make sure you have the latest version of node.js and npm installed.
23 error If you do, this is most likely a problem with the starter package,
23 error not with npm itself.
23 error Tell the author that this fails on your system:
23 error     node ./node_modules/gulp/bin/gulp.js
23 error You can get information on how to open an issue for this project with:
23 error     npm bugs starter
23 error Or if that isn't available, you can get their info via:
23 error     npm owner ls starter
23 error There is likely additional logging output above.
24 verbose exit [ 1, true ]
